[0.008s] Invoking command in '/home/setemad/project3_ws/build/turtlebot3_project3': CMAKE_PREFIX_PATH=/opt/ros/humble /usr/bin/cmake /home/setemad/project3_ws/src/turtlebot3_project3 -DCMAKE_INSTALL_PREFIX=/home/setemad/project3_ws/install/turtlebot3_project3
[0.058s] -- The C compiler identification is GNU 11.4.0
[0.100s] -- The CXX compiler identification is GNU 11.4.0
[0.106s] -- Detecting C compiler ABI info
[0.167s] -- Detecting C compiler ABI info - done
[0.172s] -- Check for working C compiler: /usr/bin/cc - skipped
[0.172s] -- Detecting C compile features
[0.172s] -- Detecting C compile features - done
[0.174s] -- Detecting CXX compiler ABI info
[0.242s] -- Detecting CXX compiler ABI info - done
[0.246s] -- Check for working CXX compiler: /usr/bin/c++ - skipped
[0.246s] -- Detecting CXX compile features
[0.247s] -- Detecting CXX compile features - done
[0.248s] -- Found ament_cmake: 1.3.8 (/opt/ros/humble/share/ament_cmake/cmake)
[0.353s] -- Found Python3: /usr/bin/python3 (found version "3.10.12") found components: Interpreter 
[0.417s] [31mCMake Error at CMakeLists.txt:23 (find_package):
[0.417s]   By not providing "Findgazebo.cmake" in CMAKE_MODULE_PATH this project has
[0.417s]   asked CMake to find a package configuration file provided by "gazebo", but
[0.417s]   CMake did not find one.
[0.417s] 
[0.417s]   Could not find a package configuration file provided by "gazebo" with any
[0.417s]   of the following names:
[0.417s] 
[0.417s]     gazeboConfig.cmake
[0.417s]     gazebo-config.cmake
[0.418s] 
[0.418s]   Add the installation prefix of "gazebo" to CMAKE_PREFIX_PATH or set
[0.418s]   "gazebo_DIR" to a directory containing one of the above files.  If "gazebo"
[0.418s]   provides a separate development package or SDK, be sure it has been
[0.418s]   installed.
[0.418s] 
[0.418s] [0m
[0.418s] -- Configuring incomplete, errors occurred!
[0.418s] See also "/home/setemad/project3_ws/build/turtlebot3_project3/CMakeFiles/CMakeOutput.log".
[0.420s] Invoked command in '/home/setemad/project3_ws/build/turtlebot3_project3' returned '1': CMAKE_PREFIX_PATH=/opt/ros/humble /usr/bin/cmake /home/setemad/project3_ws/src/turtlebot3_project3 -DCMAKE_INSTALL_PREFIX=/home/setemad/project3_ws/install/turtlebot3_project3
