[0.008s] Invoking command in '/home/setemad/project3_ws/build/turtlebot3_project3': CMAKE_PREFIX_PATH=/opt/ros/humble /usr/bin/cmake /home/setemad/project3_ws/src/turtlebot3_project3 -DCMAKE_INSTALL_PREFIX=/home/setemad/project3_ws/install/turtlebot3_project3
[0.019s] -- Found ament_cmake: 1.3.8 (/opt/ros/humble/share/ament_cmake/cmake)
[0.118s] [33mCMake Warning (dev) at /usr/share/cmake-3.22/Modules/FindPackageHandleStandardArgs.cmake:438 (message):
[0.119s]   The package name passed to `find_package_handle_standard_args` (PkgConfig)
[0.119s]   does not match the name of the calling package (gazebo).  This can lead to
[0.119s]   problems in calling code that expects `find_package` result variables
[0.119s]   (e.g., `_FOUND`) to follow a certain pattern.
[0.119s] Call Stack (most recent call first):
[0.119s]   /usr/share/cmake-3.22/Modules/FindPkgConfig.cmake:99 (find_package_handle_standard_args)
[0.119s]   /usr/lib/x86_64-linux-gnu/cmake/gazebo/gazebo-config.cmake:72 (include)
[0.119s]   CMakeLists.txt:23 (find_package)
[0.119s] This warning is for project developers.  Use -Wno-dev to suppress it.
[0.119s] [0m
[0.138s] -- Found DART: /usr/include (Required is at least version "6.6") found components: dart 
[0.164s] -- Found Protobuf: /usr/lib/x86_64-linux-gnu/libprotobuf.so (found version "3.12.4") 
[0.165s] -- Looking for ignition-math6 -- found version 6.15.1
[0.168s] -- Searching for dependencies of ignition-math6
[0.169s] -- Looking for OGRE...
[0.175s] -- Found Ogre Ghadamon (1.9.0)
[0.175s] -- Found OGRE: optimized;/usr/lib/x86_64-linux-gnu/libOgreMain.so;debug;/usr/lib/x86_64-linux-gnu/libOgreMain.so
[0.181s] -- Looking for OGRE_Paging...
[0.181s] -- Found OGRE_Paging: optimized;/usr/lib/x86_64-linux-gnu/libOgrePaging.so;debug;/usr/lib/x86_64-linux-gnu/libOgrePaging.so
[0.182s] -- Looking for OGRE_Terrain...
[0.182s] -- Found OGRE_Terrain: optimized;/usr/lib/x86_64-linux-gnu/libOgreTerrain.so;debug;/usr/lib/x86_64-linux-gnu/libOgreTerrain.so
[0.182s] -- Looking for OGRE_Property...
[0.182s] -- Found OGRE_Property: optimized;/usr/lib/x86_64-linux-gnu/libOgreProperty.so;debug;/usr/lib/x86_64-linux-gnu/libOgreProperty.so
[0.182s] -- Looking for OGRE_RTShaderSystem...
[0.182s] -- Found OGRE_RTShaderSystem: optimized;/usr/lib/x86_64-linux-gnu/libOgreRTShaderSystem.so;debug;/usr/lib/x86_64-linux-gnu/libOgreRTShaderSystem.so
[0.182s] -- Looking for OGRE_Volume...
[0.182s] -- Found OGRE_Volume: optimized;/usr/lib/x86_64-linux-gnu/libOgreVolume.so;debug;/usr/lib/x86_64-linux-gnu/libOgreVolume.so
[0.182s] -- Looking for OGRE_Overlay...
[0.182s] -- Found OGRE_Overlay: optimized;/usr/lib/x86_64-linux-gnu/libOgreOverlay.so;debug;/usr/lib/x86_64-linux-gnu/libOgreOverlay.so
[0.261s] -- Looking for ignition-math6 -- found version 6.15.1
[0.261s] -- Looking for ignition-transport8 -- found version 8.2.1
[0.262s] -- Searching for dependencies of ignition-transport8
[0.279s] -- Found Protobuf: /usr/lib/x86_64-linux-gnu/libprotobuf.so (found suitable version "3.12.4", minimum required is "3") 
[0.290s] -- Config-file not installed for ZeroMQ -- checking for pkg-config
[0.296s] -- Checking for module 'libzmq >= 4'
[0.312s] --   Found libzmq , version 4.3.4
[0.367s] -- Checking for module 'uuid'
[0.379s] --   Found uuid, version 2.37.2
[0.418s] -- Looking for ignition-msgs5 -- found version 5.8.1
[0.418s] -- Searching for dependencies of ignition-msgs5
[0.437s] -- Looking for ignition-math6 -- found version 6.15.1
[0.442s] -- Checking for module 'tinyxml2'
[0.459s] --   Found tinyxml2, version 9.0.0
[0.498s] -- Looking for ignition-msgs5 -- found version 5.8.1
[0.499s] -- Looking for ignition-common3 -- found version 3.14.0
[0.499s] -- Searching for dependencies of ignition-common3
[0.499s] -- Looking for dlfcn.h - found
[0.499s] -- Looking for libdl - found
[0.508s] -- Searching for <ignition-common3> component [graphics]
[0.509s] -- Looking for ignition-common3-graphics -- found version 3.14.0
[0.509s] -- Searching for dependencies of ignition-common3-graphics
[0.509s] -- Looking for ignition-math6 -- found version 6.15.1
[0.509s] -- Looking for ignition-fuel_tools4 -- found version 4.4.0
[0.509s] -- Searching for dependencies of ignition-fuel_tools4
[0.548s] -- Checking for module 'jsoncpp'
[0.564s] --   Found jsoncpp, version 1.9.5
[0.606s] -- Checking for module 'libzip'
[0.621s] --   Found libzip, version 1.7.3
[0.663s] -- Looking for ignition-common3 -- found version 3.14.0
[0.663s] -- Looking for ignition-math6 -- found version 6.15.1
[0.664s] -- Looking for ignition-msgs5 -- found version 5.8.1
[0.675s] [31mCMake Error at CMakeLists.txt:24 (find_package):
[0.675s]   By not providing "Findgazebo_ros_pkgs.cmake" in CMAKE_MODULE_PATH this
[0.675s]   project has asked CMake to find a package configuration file provided by
[0.675s]   "gazebo_ros_pkgs", but CMake did not find one.
[0.675s] 
[0.675s]   Could not find a package configuration file provided by "gazebo_ros_pkgs"
[0.676s]   with any of the following names:
[0.676s] 
[0.676s]     gazebo_ros_pkgsConfig.cmake
[0.676s]     gazebo_ros_pkgs-config.cmake
[0.676s] 
[0.676s]   Add the installation prefix of "gazebo_ros_pkgs" to CMAKE_PREFIX_PATH or
[0.676s]   set "gazebo_ros_pkgs_DIR" to a directory containing one of the above files.
[0.676s]   If "gazebo_ros_pkgs" provides a separate development package or SDK, be
[0.676s]   sure it has been installed.
[0.676s] 
[0.676s] [0m
[0.676s] -- Configuring incomplete, errors occurred!
[0.676s] See also "/home/setemad/project3_ws/build/turtlebot3_project3/CMakeFiles/CMakeOutput.log".
[0.682s] Invoked command in '/home/setemad/project3_ws/build/turtlebot3_project3' returned '1': CMAKE_PREFIX_PATH=/opt/ros/humble /usr/bin/cmake /home/setemad/project3_ws/src/turtlebot3_project3 -DCMAKE_INSTALL_PREFIX=/home/setemad/project3_ws/install/turtlebot3_project3
