[0.010s] Invoking command in '/home/setemad/project3_ws/build/turtlebot3_project3': CMAKE_PREFIX_PATH=/opt/ros/humble /usr/bin/cmake /home/setemad/project3_ws/src/turtlebot3_project3 -DCMAKE_INSTALL_PREFIX=/home/setemad/project3_ws/install/turtlebot3_project3
[0.022s] -- Found ament_cmake: 1.3.8 (/opt/ros/humble/share/ament_cmake/cmake)
[0.125s] [33mCMake Warning (dev) at /usr/share/cmake-3.22/Modules/FindPackageHandleStandardArgs.cmake:438 (message):
[0.125s]   The package name passed to `find_package_handle_standard_args` (PkgConfig)
[0.125s]   does not match the name of the calling package (gazebo).  This can lead to
[0.125s]   problems in calling code that expects `find_package` result variables
[0.125s]   (e.g., `_FOUND`) to follow a certain pattern.
[0.125s] Call Stack (most recent call first):
[0.125s]   /usr/share/cmake-3.22/Modules/FindPkgConfig.cmake:99 (find_package_handle_standard_args)
[0.125s]   /usr/lib/x86_64-linux-gnu/cmake/gazebo/gazebo-config.cmake:72 (include)
[0.125s]   CMakeLists.txt:23 (find_package)
[0.125s] This warning is for project developers.  Use -Wno-dev to suppress it.
[0.125s] [0m
[0.145s] -- Found DART: /usr/include (Required is at least version "6.6") found components: dart 
[0.170s] -- Found Protobuf: /usr/lib/x86_64-linux-gnu/libprotobuf.so (found version "3.12.4") 
[0.171s] -- Looking for ignition-math6 -- found version 6.15.1
[0.174s] -- Searching for dependencies of ignition-math6
[0.175s] -- Looking for OGRE...
[0.180s] -- Found Ogre Ghadamon (1.9.0)
[0.180s] -- Found OGRE: optimized;/usr/lib/x86_64-linux-gnu/libOgreMain.so;debug;/usr/lib/x86_64-linux-gnu/libOgreMain.so
[0.187s] -- Looking for OGRE_Paging...
[0.188s] -- Found OGRE_Paging: optimized;/usr/lib/x86_64-linux-gnu/libOgrePaging.so;debug;/usr/lib/x86_64-linux-gnu/libOgrePaging.so
[0.188s] -- Looking for OGRE_Terrain...
[0.188s] -- Found OGRE_Terrain: optimized;/usr/lib/x86_64-linux-gnu/libOgreTerrain.so;debug;/usr/lib/x86_64-linux-gnu/libOgreTerrain.so
[0.188s] -- Looking for OGRE_Property...
[0.188s] -- Found OGRE_Property: optimized;/usr/lib/x86_64-linux-gnu/libOgreProperty.so;debug;/usr/lib/x86_64-linux-gnu/libOgreProperty.so
[0.188s] -- Looking for OGRE_RTShaderSystem...
[0.188s] -- Found OGRE_RTShaderSystem: optimized;/usr/lib/x86_64-linux-gnu/libOgreRTShaderSystem.so;debug;/usr/lib/x86_64-linux-gnu/libOgreRTShaderSystem.so
[0.188s] -- Looking for OGRE_Volume...
[0.188s] -- Found OGRE_Volume: optimized;/usr/lib/x86_64-linux-gnu/libOgreVolume.so;debug;/usr/lib/x86_64-linux-gnu/libOgreVolume.so
[0.188s] -- Looking for OGRE_Overlay...
[0.188s] -- Found OGRE_Overlay: optimized;/usr/lib/x86_64-linux-gnu/libOgreOverlay.so;debug;/usr/lib/x86_64-linux-gnu/libOgreOverlay.so
[0.265s] -- Looking for ignition-math6 -- found version 6.15.1
[0.265s] -- Looking for ignition-transport8 -- found version 8.2.1
[0.266s] -- Searching for dependencies of ignition-transport8
[0.285s] -- Found Protobuf: /usr/lib/x86_64-linux-gnu/libprotobuf.so (found suitable version "3.12.4", minimum required is "3") 
[0.296s] -- Config-file not installed for ZeroMQ -- checking for pkg-config
[0.301s] -- Checking for module 'libzmq >= 4'
[0.313s] --   Found libzmq , version 4.3.4
[0.366s] -- Checking for module 'uuid'
[0.381s] --   Found uuid, version 2.37.2
[0.420s] -- Looking for ignition-msgs5 -- found version 5.8.1
[0.420s] -- Searching for dependencies of ignition-msgs5
[0.439s] -- Looking for ignition-math6 -- found version 6.15.1
[0.444s] -- Checking for module 'tinyxml2'
[0.462s] --   Found tinyxml2, version 9.0.0
[0.504s] -- Looking for ignition-msgs5 -- found version 5.8.1
[0.504s] -- Looking for ignition-common3 -- found version 3.14.0
[0.504s] -- Searching for dependencies of ignition-common3
[0.504s] -- Looking for dlfcn.h - found
[0.505s] -- Looking for libdl - found
[0.514s] -- Searching for <ignition-common3> component [graphics]
[0.514s] -- Looking for ignition-common3-graphics -- found version 3.14.0
[0.515s] -- Searching for dependencies of ignition-common3-graphics
[0.515s] -- Looking for ignition-math6 -- found version 6.15.1
[0.515s] -- Looking for ignition-fuel_tools4 -- found version 4.4.0
[0.516s] -- Searching for dependencies of ignition-fuel_tools4
[0.557s] -- Checking for module 'jsoncpp'
[0.571s] --   Found jsoncpp, version 1.9.5
[0.616s] -- Checking for module 'libzip'
[0.633s] --   Found libzip, version 1.7.3
[0.672s] -- Looking for ignition-common3 -- found version 3.14.0
[0.672s] -- Looking for ignition-math6 -- found version 6.15.1
[0.673s] -- Looking for ignition-msgs5 -- found version 5.8.1
[0.674s] -- Found gazebo_ros_pkgs: 3.7.0 (/opt/ros/humble/share/gazebo_ros_pkgs/cmake)
[0.686s] -- Found geometry_msgs: 4.2.3 (/opt/ros/humble/share/geometry_msgs/cmake)
[0.718s] -- Found rosidl_generator_c: 3.1.5 (/opt/ros/humble/share/rosidl_generator_c/cmake)
[0.723s] -- Found rosidl_adapter: 3.1.5 (/opt/ros/humble/share/rosidl_adapter/cmake)
[0.732s] -- Found rosidl_generator_cpp: 3.1.5 (/opt/ros/humble/share/rosidl_generator_cpp/cmake)
[0.745s] -- Using all available rosidl_typesupport_c: rosidl_typesupport_fastrtps_c;rosidl_typesupport_introspection_c
[0.762s] -- Using all available rosidl_typesupport_cpp: rosidl_typesupport_fastrtps_cpp;rosidl_typesupport_introspection_cpp
[0.852s] -- Found nav_msgs: 4.2.3 (/opt/ros/humble/share/nav_msgs/cmake)
[0.913s] -- Found rclcpp: 16.0.8 (/opt/ros/humble/share/rclcpp/cmake)
[0.964s] -- Found rmw_implementation_cmake: 6.1.1 (/opt/ros/humble/share/rmw_implementation_cmake/cmake)
[0.966s] -- Found rmw_fastrtps_cpp: 6.2.6 (/opt/ros/humble/share/rmw_fastrtps_cpp/cmake)
[1.078s] -- Found OpenSSL: /usr/lib/x86_64-linux-gnu/libcrypto.so (found version "3.0.2")  
[1.103s] -- Found FastRTPS: /opt/ros/humble/include  
[1.152s] -- Using RMW implementation 'rmw_fastrtps_cpp' as default
[1.163s] -- Found Threads: TRUE  
[1.261s] -- Found sensor_msgs: 4.2.3 (/opt/ros/humble/share/sensor_msgs/cmake)
[1.323s] -- Found tf2: 0.25.6 (/opt/ros/humble/share/tf2/cmake)
[1.392s] -- Configuring done
[1.405s] -- Generating done
[1.406s] -- Build files have been written to: /home/setemad/project3_ws/build/turtlebot3_project3
[1.416s] Invoked command in '/home/setemad/project3_ws/build/turtlebot3_project3' returned '0': CMAKE_PREFIX_PATH=/opt/ros/humble /usr/bin/cmake /home/setemad/project3_ws/src/turtlebot3_project3 -DCMAKE_INSTALL_PREFIX=/home/setemad/project3_ws/install/turtlebot3_project3
[1.418s] Invoking command in '/home/setemad/project3_ws/build/turtlebot3_project3': CMAKE_PREFIX_PATH=/opt/ros/humble /usr/bin/cmake --build /home/setemad/project3_ws/build/turtlebot3_project3 -- -j16 -l16
[1.475s] [ 50%] [32mBuilding CXX object CMakeFiles/turtlebot3_drive.dir/src/turtlebot3_drive.cpp.o[0m
[11.285s] [100%] [32m[1mLinking CXX executable turtlebot3_drive[0m
[11.798s] [100%] Built target turtlebot3_drive
[11.811s] Invoked command in '/home/setemad/project3_ws/build/turtlebot3_project3' returned '0': CMAKE_PREFIX_PATH=/opt/ros/humble /usr/bin/cmake --build /home/setemad/project3_ws/build/turtlebot3_project3 -- -j16 -l16
[11.852s] Invoking command in '/home/setemad/project3_ws/build/turtlebot3_project3': CMAKE_PREFIX_PATH=/opt/ros/humble /usr/bin/cmake --install /home/setemad/project3_ws/build/turtlebot3_project3
[11.857s] -- Install configuration: ""
[11.857s] -- Installing: /home/setemad/project3_ws/install/turtlebot3_project3/lib/turtlebot3_project3/turtlebot3_drive
[11.864s] -- Set runtime path of "/home/setemad/project3_ws/install/turtlebot3_project3/lib/turtlebot3_project3/turtlebot3_drive" to ""
[11.865s] -- Installing: /home/setemad/project3_ws/install/turtlebot3_project3/share/turtlebot3_project3//launch
[11.865s] -- Installing: /home/setemad/project3_ws/install/turtlebot3_project3/share/turtlebot3_project3//launch/robot_state_publisher.launch.py
[11.865s] -- Installing: /home/setemad/project3_ws/install/turtlebot3_project3/share/turtlebot3_project3//launch/competition_world.launch.py
[11.865s] -- Installing: /home/setemad/project3_ws/install/turtlebot3_project3/share/turtlebot3_project3//launch/spawn_turtlebot3.launch.py
[11.865s] -- Installing: /home/setemad/project3_ws/install/turtlebot3_project3/share/turtlebot3_project3//launch/empty_world.launch.py
[11.866s] -- Installing: /home/setemad/project3_ws/install/turtlebot3_project3/share/turtlebot3_project3//models
[11.866s] -- Installing: /home/setemad/project3_ws/install/turtlebot3_project3/share/turtlebot3_project3//models/turtlebot3_common
[11.866s] -- Installing: /home/setemad/project3_ws/install/turtlebot3_project3/share/turtlebot3_project3//models/turtlebot3_common/meshes
[11.866s] -- Installing: /home/setemad/project3_ws/install/turtlebot3_project3/share/turtlebot3_project3//models/turtlebot3_common/meshes/waffle_base.dae
[11.866s] -- Installing: /home/setemad/project3_ws/install/turtlebot3_project3/share/turtlebot3_project3//models/turtlebot3_common/meshes/waffle_pi_base.dae
[11.866s] -- Installing: /home/setemad/project3_ws/install/turtlebot3_project3/share/turtlebot3_project3//models/turtlebot3_common/meshes/r200.dae
[11.867s] -- Installing: /home/setemad/project3_ws/install/turtlebot3_project3/share/turtlebot3_project3//models/turtlebot3_common/meshes/tire.dae
[11.867s] -- Installing: /home/setemad/project3_ws/install/turtlebot3_project3/share/turtlebot3_project3//models/turtlebot3_common/meshes/burger_base.dae
[11.868s] -- Installing: /home/setemad/project3_ws/install/turtlebot3_project3/share/turtlebot3_project3//models/turtlebot3_common/meshes/lds.dae
[11.868s] -- Installing: /home/setemad/project3_ws/install/turtlebot3_project3/share/turtlebot3_project3//models/turtlebot3_common/model.config
[11.868s] -- Installing: /home/setemad/project3_ws/install/turtlebot3_project3/share/turtlebot3_project3//models/turtlebot3_world
[11.868s] -- Installing: /home/setemad/project3_ws/install/turtlebot3_project3/share/turtlebot3_project3//models/turtlebot3_world/model-1_4.sdf
[11.868s] -- Installing: /home/setemad/project3_ws/install/turtlebot3_project3/share/turtlebot3_project3//models/turtlebot3_world/model.sdf
[11.869s] -- Installing: /home/setemad/project3_ws/install/turtlebot3_project3/share/turtlebot3_project3//models/turtlebot3_world/meshes
[11.869s] -- Installing: /home/setemad/project3_ws/install/turtlebot3_project3/share/turtlebot3_project3//models/turtlebot3_world/meshes/wall.dae
[11.869s] -- Installing: /home/setemad/project3_ws/install/turtlebot3_project3/share/turtlebot3_project3//models/turtlebot3_world/meshes/hexagon.dae
[11.869s] -- Installing: /home/setemad/project3_ws/install/turtlebot3_project3/share/turtlebot3_project3//models/turtlebot3_world/model.config
[11.869s] -- Installing: /home/setemad/project3_ws/install/turtlebot3_project3/share/turtlebot3_project3//models/turtlebot3_waffle
[11.870s] -- Installing: /home/setemad/project3_ws/install/turtlebot3_project3/share/turtlebot3_project3//models/turtlebot3_waffle/model-1_4.sdf
[11.870s] -- Installing: /home/setemad/project3_ws/install/turtlebot3_project3/share/turtlebot3_project3//models/turtlebot3_waffle/model.sdf
[11.870s] -- Installing: /home/setemad/project3_ws/install/turtlebot3_project3/share/turtlebot3_project3//models/turtlebot3_waffle/model.config
[11.870s] -- Installing: /home/setemad/project3_ws/install/turtlebot3_project3/share/turtlebot3_project3//rviz
[11.870s] -- Installing: /home/setemad/project3_ws/install/turtlebot3_project3/share/turtlebot3_project3//rviz/tb3_gazebo.rviz
[11.871s] -- Installing: /home/setemad/project3_ws/install/turtlebot3_project3/share/turtlebot3_project3//urdf
[11.871s] -- Installing: /home/setemad/project3_ws/install/turtlebot3_project3/share/turtlebot3_project3//urdf/turtlebot3_waffle.urdf
[11.871s] -- Installing: /home/setemad/project3_ws/install/turtlebot3_project3/share/turtlebot3_project3//urdf/common_properties.urdf
[11.871s] -- Installing: /home/setemad/project3_ws/install/turtlebot3_project3/share/turtlebot3_project3//worlds
[11.871s] -- Installing: /home/setemad/project3_ws/install/turtlebot3_project3/share/turtlebot3_project3//worlds/empty_world.world
[11.872s] -- Installing: /home/setemad/project3_ws/install/turtlebot3_project3/share/turtlebot3_project3//worlds/competition_world.world
[11.872s] -- Installing: /home/setemad/project3_ws/install/turtlebot3_project3/include/
[11.872s] -- Installing: /home/setemad/project3_ws/install/turtlebot3_project3/include//turtlebot3_project3
[11.872s] -- Installing: /home/setemad/project3_ws/install/turtlebot3_project3/include//turtlebot3_project3/turtlebot3_drive.hpp
[11.872s] -- Installing: /home/setemad/project3_ws/install/turtlebot3_project3/lib/turtlebot3_project3/teleop.py
[11.873s] -- Installing: /home/setemad/project3_ws/install/turtlebot3_project3/share/ament_index/resource_index/package_run_dependencies/turtlebot3_project3
[11.873s] -- Installing: /home/setemad/project3_ws/install/turtlebot3_project3/share/ament_index/resource_index/parent_prefix_path/turtlebot3_project3
[11.873s] -- Installing: /home/setemad/project3_ws/install/turtlebot3_project3/share/turtlebot3_project3/environment/ament_prefix_path.sh
[11.873s] -- Installing: /home/setemad/project3_ws/install/turtlebot3_project3/share/turtlebot3_project3/environment/ament_prefix_path.dsv
[11.873s] -- Installing: /home/setemad/project3_ws/install/turtlebot3_project3/share/turtlebot3_project3/environment/path.sh
[11.873s] -- Installing: /home/setemad/project3_ws/install/turtlebot3_project3/share/turtlebot3_project3/environment/path.dsv
[11.873s] -- Installing: /home/setemad/project3_ws/install/turtlebot3_project3/share/turtlebot3_project3/local_setup.bash
[11.874s] -- Installing: /home/setemad/project3_ws/install/turtlebot3_project3/share/turtlebot3_project3/local_setup.sh
[11.874s] -- Installing: /home/setemad/project3_ws/install/turtlebot3_project3/share/turtlebot3_project3/local_setup.zsh
[11.874s] -- Installing: /home/setemad/project3_ws/install/turtlebot3_project3/share/turtlebot3_project3/local_setup.dsv
[11.874s] -- Installing: /home/setemad/project3_ws/install/turtlebot3_project3/share/turtlebot3_project3/package.dsv
[11.874s] -- Installing: /home/setemad/project3_ws/install/turtlebot3_project3/share/ament_index/resource_index/packages/turtlebot3_project3
[11.874s] -- Installing: /home/setemad/project3_ws/install/turtlebot3_project3/share/turtlebot3_project3/cmake/ament_cmake_export_include_directories-extras.cmake
[11.874s] -- Installing: /home/setemad/project3_ws/install/turtlebot3_project3/share/turtlebot3_project3/cmake/ament_cmake_export_dependencies-extras.cmake
[11.875s] -- Installing: /home/setemad/project3_ws/install/turtlebot3_project3/share/turtlebot3_project3/cmake/turtlebot3_project3Config.cmake
[11.875s] -- Installing: /home/setemad/project3_ws/install/turtlebot3_project3/share/turtlebot3_project3/cmake/turtlebot3_project3Config-version.cmake
[11.875s] -- Installing: /home/setemad/project3_ws/install/turtlebot3_project3/share/turtlebot3_project3/package.xml
[11.878s] Invoked command in '/home/setemad/project3_ws/build/turtlebot3_project3' returned '0': CMAKE_PREFIX_PATH=/opt/ros/humble /usr/bin/cmake --install /home/setemad/project3_ws/build/turtlebot3_project3
