[0.009s] Invoking command in '/home/setemad/project3_ws/build/turtlebot3_project3': CMAKE_PREFIX_PATH=${CMAKE_PREFIX_PATH}:/opt/ros/humble /usr/bin/cmake --build /home/setemad/project3_ws/build/turtlebot3_project3 -- -j16 -l16
[0.037s] -- Found ament_cmake: 1.3.8 (/opt/ros/humble/share/ament_cmake/cmake)
[0.141s] [33mCMake Warning (dev) at /usr/share/cmake-3.22/Modules/FindPackageHandleStandardArgs.cmake:438 (message):
[0.141s]   The package name passed to `find_package_handle_standard_args` (PkgConfig)
[0.141s]   does not match the name of the calling package (gazebo).  This can lead to
[0.141s]   problems in calling code that expects `find_package` result variables
[0.141s]   (e.g., `_FOUND`) to follow a certain pattern.
[0.141s] Call Stack (most recent call first):
[0.141s]   /usr/share/cmake-3.22/Modules/FindPkgConfig.cmake:99 (find_package_handle_standard_args)
[0.141s]   /usr/lib/x86_64-linux-gnu/cmake/gazebo/gazebo-config.cmake:72 (include)
[0.141s]   CMakeLists.txt:23 (find_package)
[0.141s] This warning is for project developers.  Use -Wno-dev to suppress it.
[0.142s] [0m
[0.166s] -- Found DART: /usr/include (Required is at least version "6.6") found components: dart 
[0.197s] -- Found Protobuf: /usr/lib/x86_64-linux-gnu/libprotobuf.so (found version "3.12.4") 
[0.199s] -- Looking for ignition-math6 -- found version 6.15.1
[0.204s] -- Searching for dependencies of ignition-math6
[0.205s] -- Looking for OGRE...
[0.210s] -- Found Ogre Ghadamon (1.9.0)
[0.211s] -- Found OGRE: optimized;/usr/lib/x86_64-linux-gnu/libOgreMain.so;debug;/usr/lib/x86_64-linux-gnu/libOgreMain.so
[0.217s] -- Looking for OGRE_Paging...
[0.217s] -- Found OGRE_Paging: optimized;/usr/lib/x86_64-linux-gnu/libOgrePaging.so;debug;/usr/lib/x86_64-linux-gnu/libOgrePaging.so
[0.218s] -- Looking for OGRE_Terrain...
[0.218s] -- Found OGRE_Terrain: optimized;/usr/lib/x86_64-linux-gnu/libOgreTerrain.so;debug;/usr/lib/x86_64-linux-gnu/libOgreTerrain.so
[0.218s] -- Looking for OGRE_Property...
[0.218s] -- Found OGRE_Property: optimized;/usr/lib/x86_64-linux-gnu/libOgreProperty.so;debug;/usr/lib/x86_64-linux-gnu/libOgreProperty.so
[0.218s] -- Looking for OGRE_RTShaderSystem...
[0.218s] -- Found OGRE_RTShaderSystem: optimized;/usr/lib/x86_64-linux-gnu/libOgreRTShaderSystem.so;debug;/usr/lib/x86_64-linux-gnu/libOgreRTShaderSystem.so
[0.218s] -- Looking for OGRE_Volume...
[0.218s] -- Found OGRE_Volume: optimized;/usr/lib/x86_64-linux-gnu/libOgreVolume.so;debug;/usr/lib/x86_64-linux-gnu/libOgreVolume.so
[0.218s] -- Looking for OGRE_Overlay...
[0.218s] -- Found OGRE_Overlay: optimized;/usr/lib/x86_64-linux-gnu/libOgreOverlay.so;debug;/usr/lib/x86_64-linux-gnu/libOgreOverlay.so
[0.298s] -- Looking for ignition-math6 -- found version 6.15.1
[0.298s] -- Looking for ignition-transport8 -- found version 8.2.1
[0.298s] -- Searching for dependencies of ignition-transport8
[0.317s] -- Found Protobuf: /usr/lib/x86_64-linux-gnu/libprotobuf.so (found suitable version "3.12.4", minimum required is "3") 
[0.327s] -- Config-file not installed for ZeroMQ -- checking for pkg-config
[0.333s] -- Checking for module 'libzmq >= 4'
[0.349s] --   Found libzmq , version 4.3.4
[0.391s] -- Checking for module 'uuid'
[0.404s] --   Found uuid, version 2.37.2
[0.441s] -- Looking for ignition-msgs5 -- found version 5.8.1
[0.441s] -- Searching for dependencies of ignition-msgs5
[0.459s] -- Looking for ignition-math6 -- found version 6.15.1
[0.463s] -- Checking for module 'tinyxml2'
[0.478s] --   Found tinyxml2, version 9.0.0
[0.513s] -- Looking for ignition-msgs5 -- found version 5.8.1
[0.513s] -- Looking for ignition-common3 -- found version 3.14.0
[0.514s] -- Searching for dependencies of ignition-common3
[0.514s] -- Looking for dlfcn.h - found
[0.514s] -- Looking for libdl - found
[0.524s] -- Searching for <ignition-common3> component [graphics]
[0.525s] -- Looking for ignition-common3-graphics -- found version 3.14.0
[0.525s] -- Searching for dependencies of ignition-common3-graphics
[0.525s] -- Looking for ignition-math6 -- found version 6.15.1
[0.527s] -- Looking for ignition-fuel_tools4 -- found version 4.4.0
[0.527s] -- Searching for dependencies of ignition-fuel_tools4
[0.566s] -- Checking for module 'jsoncpp'
[0.581s] --   Found jsoncpp, version 1.9.5
[0.620s] -- Checking for module 'libzip'
[0.633s] --   Found libzip, version 1.7.3
[0.668s] -- Looking for ignition-common3 -- found version 3.14.0
[0.669s] -- Looking for ignition-math6 -- found version 6.15.1
[0.669s] -- Looking for ignition-msgs5 -- found version 5.8.1
[0.671s] -- Found gazebo_ros_pkgs: 3.7.0 (/opt/ros/humble/share/gazebo_ros_pkgs/cmake)
[0.671s] -- Found geometry_msgs: 4.2.3 (/opt/ros/humble/share/geometry_msgs/cmake)
[0.692s] -- Found rosidl_generator_c: 3.1.5 (/opt/ros/humble/share/rosidl_generator_c/cmake)
[0.695s] -- Found rosidl_adapter: 3.1.5 (/opt/ros/humble/share/rosidl_adapter/cmake)
[0.701s] -- Found rosidl_generator_cpp: 3.1.5 (/opt/ros/humble/share/rosidl_generator_cpp/cmake)
[0.711s] -- Using all available rosidl_typesupport_c: rosidl_typesupport_fastrtps_c;rosidl_typesupport_introspection_c
[0.725s] -- Using all available rosidl_typesupport_cpp: rosidl_typesupport_fastrtps_cpp;rosidl_typesupport_introspection_cpp
[0.808s] -- Found nav_msgs: 4.2.3 (/opt/ros/humble/share/nav_msgs/cmake)
[0.867s] -- Found rclcpp: 16.0.8 (/opt/ros/humble/share/rclcpp/cmake)
[0.906s] -- Found rmw_implementation_cmake: 6.1.1 (/opt/ros/humble/share/rmw_implementation_cmake/cmake)
[0.908s] -- Found rmw_fastrtps_cpp: 6.2.6 (/opt/ros/humble/share/rmw_fastrtps_cpp/cmake)
[1.016s] -- Using RMW implementation 'rmw_fastrtps_cpp' as default
[1.109s] -- Found sensor_msgs: 4.2.3 (/opt/ros/humble/share/sensor_msgs/cmake)
[1.167s] -- Found tf2: 0.25.6 (/opt/ros/humble/share/tf2/cmake)
[1.222s] -- Configuring done
[1.232s] -- Generating done
[1.234s] -- Build files have been written to: /home/setemad/project3_ws/build/turtlebot3_project3
[1.262s] [35m[1mConsolidate compiler generated dependencies of target turtlebot3_drive[0m
[1.282s] [100%] Built target turtlebot3_drive
[1.292s] Invoked command in '/home/setemad/project3_ws/build/turtlebot3_project3' returned '0': CMAKE_PREFIX_PATH=${CMAKE_PREFIX_PATH}:/opt/ros/humble /usr/bin/cmake --build /home/setemad/project3_ws/build/turtlebot3_project3 -- -j16 -l16
[1.332s] Invoking command in '/home/setemad/project3_ws/build/turtlebot3_project3': CMAKE_PREFIX_PATH=${CMAKE_PREFIX_PATH}:/opt/ros/humble /usr/bin/cmake --install /home/setemad/project3_ws/build/turtlebot3_project3
[1.339s] -- Install configuration: ""
[1.339s] -- Up-to-date: /home/setemad/project3_ws/install/turtlebot3_project3/lib/turtlebot3_project3/turtlebot3_drive
[1.340s] -- Up-to-date: /home/setemad/project3_ws/install/turtlebot3_project3/share/turtlebot3_project3//launch
[1.340s] -- Up-to-date: /home/setemad/project3_ws/install/turtlebot3_project3/share/turtlebot3_project3//launch/robot_state_publisher.launch.py
[1.340s] -- Up-to-date: /home/setemad/project3_ws/install/turtlebot3_project3/share/turtlebot3_project3//launch/competition_world.launch.py
[1.340s] -- Up-to-date: /home/setemad/project3_ws/install/turtlebot3_project3/share/turtlebot3_project3//launch/spawn_turtlebot3.launch.py
[1.340s] -- Up-to-date: /home/setemad/project3_ws/install/turtlebot3_project3/share/turtlebot3_project3//launch/empty_world.launch.py
[1.340s] -- Up-to-date: /home/setemad/project3_ws/install/turtlebot3_project3/share/turtlebot3_project3//models
[1.340s] -- Up-to-date: /home/setemad/project3_ws/install/turtlebot3_project3/share/turtlebot3_project3//models/turtlebot3_common
[1.340s] -- Up-to-date: /home/setemad/project3_ws/install/turtlebot3_project3/share/turtlebot3_project3//models/turtlebot3_common/meshes
[1.340s] -- Up-to-date: /home/setemad/project3_ws/install/turtlebot3_project3/share/turtlebot3_project3//models/turtlebot3_common/meshes/waffle_base.dae
[1.340s] -- Up-to-date: /home/setemad/project3_ws/install/turtlebot3_project3/share/turtlebot3_project3//models/turtlebot3_common/meshes/waffle_pi_base.dae
[1.341s] -- Up-to-date: /home/setemad/project3_ws/install/turtlebot3_project3/share/turtlebot3_project3//models/turtlebot3_common/meshes/r200.dae
[1.341s] -- Up-to-date: /home/setemad/project3_ws/install/turtlebot3_project3/share/turtlebot3_project3//models/turtlebot3_common/meshes/tire.dae
[1.341s] -- Up-to-date: /home/setemad/project3_ws/install/turtlebot3_project3/share/turtlebot3_project3//models/turtlebot3_common/meshes/burger_base.dae
[1.341s] -- Up-to-date: /home/setemad/project3_ws/install/turtlebot3_project3/share/turtlebot3_project3//models/turtlebot3_common/meshes/lds.dae
[1.341s] -- Up-to-date: /home/setemad/project3_ws/install/turtlebot3_project3/share/turtlebot3_project3//models/turtlebot3_common/model.config
[1.341s] -- Up-to-date: /home/setemad/project3_ws/install/turtlebot3_project3/share/turtlebot3_project3//models/turtlebot3_world
[1.341s] -- Up-to-date: /home/setemad/project3_ws/install/turtlebot3_project3/share/turtlebot3_project3//models/turtlebot3_world/model-1_4.sdf
[1.341s] -- Up-to-date: /home/setemad/project3_ws/install/turtlebot3_project3/share/turtlebot3_project3//models/turtlebot3_world/model.sdf
[1.341s] -- Up-to-date: /home/setemad/project3_ws/install/turtlebot3_project3/share/turtlebot3_project3//models/turtlebot3_world/meshes
[1.341s] -- Up-to-date: /home/setemad/project3_ws/install/turtlebot3_project3/share/turtlebot3_project3//models/turtlebot3_world/meshes/wall.dae
[1.341s] -- Up-to-date: /home/setemad/project3_ws/install/turtlebot3_project3/share/turtlebot3_project3//models/turtlebot3_world/meshes/hexagon.dae
[1.341s] -- Up-to-date: /home/setemad/project3_ws/install/turtlebot3_project3/share/turtlebot3_project3//models/turtlebot3_world/model.config
[1.341s] -- Up-to-date: /home/setemad/project3_ws/install/turtlebot3_project3/share/turtlebot3_project3//models/turtlebot3_waffle
[1.341s] -- Up-to-date: /home/setemad/project3_ws/install/turtlebot3_project3/share/turtlebot3_project3//models/turtlebot3_waffle/model-1_4.sdf
[1.341s] -- Up-to-date: /home/setemad/project3_ws/install/turtlebot3_project3/share/turtlebot3_project3//models/turtlebot3_waffle/model.sdf
[1.341s] -- Up-to-date: /home/setemad/project3_ws/install/turtlebot3_project3/share/turtlebot3_project3//models/turtlebot3_waffle/model.config
[1.341s] -- Up-to-date: /home/setemad/project3_ws/install/turtlebot3_project3/share/turtlebot3_project3//rviz
[1.341s] -- Up-to-date: /home/setemad/project3_ws/install/turtlebot3_project3/share/turtlebot3_project3//rviz/tb3_gazebo.rviz
[1.341s] -- Up-to-date: /home/setemad/project3_ws/install/turtlebot3_project3/share/turtlebot3_project3//urdf
[1.341s] -- Up-to-date: /home/setemad/project3_ws/install/turtlebot3_project3/share/turtlebot3_project3//urdf/turtlebot3_waffle.urdf
[1.341s] -- Up-to-date: /home/setemad/project3_ws/install/turtlebot3_project3/share/turtlebot3_project3//urdf/common_properties.urdf
[1.342s] -- Up-to-date: /home/setemad/project3_ws/install/turtlebot3_project3/share/turtlebot3_project3//worlds
[1.342s] -- Up-to-date: /home/setemad/project3_ws/install/turtlebot3_project3/share/turtlebot3_project3//worlds/empty_world.world
[1.342s] -- Up-to-date: /home/setemad/project3_ws/install/turtlebot3_project3/share/turtlebot3_project3//worlds/competition_world.world
[1.342s] -- Up-to-date: /home/setemad/project3_ws/install/turtlebot3_project3/include/
[1.343s] -- Up-to-date: /home/setemad/project3_ws/install/turtlebot3_project3/include//turtlebot3_project3
[1.343s] -- Up-to-date: /home/setemad/project3_ws/install/turtlebot3_project3/include//turtlebot3_project3/turtlebot3_drive.hpp
[1.343s] -- Up-to-date: /home/setemad/project3_ws/install/turtlebot3_project3/lib/turtlebot3_project3/teleop.py
[1.343s] -- Installing: /home/setemad/project3_ws/install/turtlebot3_project3/lib/turtlebot3_project3/a_star.py
[1.343s] -- Up-to-date: /home/setemad/project3_ws/install/turtlebot3_project3/lib/turtlebot3_project3/gg.py
[1.343s] [31mCMake Error at cmake_install.cmake:80 (file):
[1.343s]   file INSTALL cannot find
[1.343s]   "/home/setemad/project3_ws/src/turtlebot3_project3/scripts/chutney.py": No
[1.343s]   such file or directory.
[1.344s] 
[1.344s] [0m
[1.344s] Invoked command in '/home/setemad/project3_ws/build/turtlebot3_project3' returned '1': CMAKE_PREFIX_PATH=${CMAKE_PREFIX_PATH}:/opt/ros/humble /usr/bin/cmake --install /home/setemad/project3_ws/build/turtlebot3_project3
