[0.012s] Invoking command in '/home/setemad/project3_ws/build/turtlebot3_project3': CMAKE_PREFIX_PATH=/opt/ros/humble /usr/bin/cmake /home/setemad/project3_ws/src/turtlebot3_project3 -DCMAKE_INSTALL_PREFIX=/home/setemad/project3_ws/install/turtlebot3_project3
[0.039s] -- Found ament_cmake: 1.3.8 (/opt/ros/humble/share/ament_cmake/cmake)
[0.152s] [33mCMake Warning (dev) at /usr/share/cmake-3.22/Modules/FindPackageHandleStandardArgs.cmake:438 (message):
[0.152s]   The package name passed to `find_package_handle_standard_args` (PkgConfig)
[0.152s]   does not match the name of the calling package (gazebo).  This can lead to
[0.152s]   problems in calling code that expects `find_package` result variables
[0.152s]   (e.g., `_FOUND`) to follow a certain pattern.
[0.152s] Call Stack (most recent call first):
[0.152s]   /usr/share/cmake-3.22/Modules/FindPkgConfig.cmake:99 (find_package_handle_standard_args)
[0.153s]   /usr/lib/x86_64-linux-gnu/cmake/gazebo/gazebo-config.cmake:72 (include)
[0.153s]   CMakeLists.txt:23 (find_package)
[0.153s] This warning is for project developers.  Use -Wno-dev to suppress it.
[0.153s] [0m
[0.180s] -- Found DART: /usr/include (Required is at least version "6.6") found components: dart 
[0.214s] -- Found Protobuf: /usr/lib/x86_64-linux-gnu/libprotobuf.so (found version "3.12.4") 
[0.215s] -- Looking for ignition-math6 -- found version 6.15.1
[0.221s] -- Searching for dependencies of ignition-math6
[0.223s] -- Looking for OGRE...
[0.229s] -- Found Ogre Ghadamon (1.9.0)
[0.230s] -- Found OGRE: optimized;/usr/lib/x86_64-linux-gnu/libOgreMain.so;debug;/usr/lib/x86_64-linux-gnu/libOgreMain.so
[0.237s] -- Looking for OGRE_Paging...
[0.237s] -- Found OGRE_Paging: optimized;/usr/lib/x86_64-linux-gnu/libOgrePaging.so;debug;/usr/lib/x86_64-linux-gnu/libOgrePaging.so
[0.237s] -- Looking for OGRE_Terrain...
[0.237s] -- Found OGRE_Terrain: optimized;/usr/lib/x86_64-linux-gnu/libOgreTerrain.so;debug;/usr/lib/x86_64-linux-gnu/libOgreTerrain.so
[0.237s] -- Looking for OGRE_Property...
[0.237s] -- Found OGRE_Property: optimized;/usr/lib/x86_64-linux-gnu/libOgreProperty.so;debug;/usr/lib/x86_64-linux-gnu/libOgreProperty.so
[0.237s] -- Looking for OGRE_RTShaderSystem...
[0.237s] -- Found OGRE_RTShaderSystem: optimized;/usr/lib/x86_64-linux-gnu/libOgreRTShaderSystem.so;debug;/usr/lib/x86_64-linux-gnu/libOgreRTShaderSystem.so
[0.237s] -- Looking for OGRE_Volume...
[0.238s] -- Found OGRE_Volume: optimized;/usr/lib/x86_64-linux-gnu/libOgreVolume.so;debug;/usr/lib/x86_64-linux-gnu/libOgreVolume.so
[0.238s] -- Looking for OGRE_Overlay...
[0.238s] -- Found OGRE_Overlay: optimized;/usr/lib/x86_64-linux-gnu/libOgreOverlay.so;debug;/usr/lib/x86_64-linux-gnu/libOgreOverlay.so
[0.318s] -- Looking for ignition-math6 -- found version 6.15.1
[0.319s] -- Looking for ignition-transport8 -- found version 8.2.1
[0.319s] -- Searching for dependencies of ignition-transport8
[0.337s] -- Found Protobuf: /usr/lib/x86_64-linux-gnu/libprotobuf.so (found suitable version "3.12.4", minimum required is "3") 
[0.348s] -- Config-file not installed for ZeroMQ -- checking for pkg-config
[0.353s] -- Checking for module 'libzmq >= 4'
[0.370s] --   Found libzmq , version 4.3.4
[0.418s] -- Checking for module 'uuid'
[0.433s] --   Found uuid, version 2.37.2
[0.467s] -- Looking for ignition-msgs5 -- found version 5.8.1
[0.467s] -- Searching for dependencies of ignition-msgs5
[0.485s] -- Looking for ignition-math6 -- found version 6.15.1
[0.490s] -- Checking for module 'tinyxml2'
[0.504s] --   Found tinyxml2, version 9.0.0
[0.542s] -- Looking for ignition-msgs5 -- found version 5.8.1
[0.542s] -- Looking for ignition-common3 -- found version 3.14.0
[0.543s] -- Searching for dependencies of ignition-common3
[0.543s] -- Looking for dlfcn.h - found
[0.543s] -- Looking for libdl - found
[0.554s] -- Searching for <ignition-common3> component [graphics]
[0.554s] -- Looking for ignition-common3-graphics -- found version 3.14.0
[0.554s] -- Searching for dependencies of ignition-common3-graphics
[0.555s] -- Looking for ignition-math6 -- found version 6.15.1
[0.556s] -- Looking for ignition-fuel_tools4 -- found version 4.4.0
[0.556s] -- Searching for dependencies of ignition-fuel_tools4
[0.595s] -- Checking for module 'jsoncpp'
[0.608s] --   Found jsoncpp, version 1.9.5
[0.651s] -- Checking for module 'libzip'
[0.666s] --   Found libzip, version 1.7.3
[0.702s] -- Looking for ignition-common3 -- found version 3.14.0
[0.702s] -- Looking for ignition-math6 -- found version 6.15.1
[0.703s] -- Looking for ignition-msgs5 -- found version 5.8.1
[0.715s] [31mCMake Error at CMakeLists.txt:24 (find_package):
[0.715s]   By not providing "Findgazebo_ros_pkgs.cmake" in CMAKE_MODULE_PATH this
[0.715s]   project has asked CMake to find a package configuration file provided by
[0.716s]   "gazebo_ros_pkgs", but CMake did not find one.
[0.716s] 
[0.716s]   Could not find a package configuration file provided by "gazebo_ros_pkgs"
[0.716s]   with any of the following names:
[0.716s] 
[0.716s]     gazebo_ros_pkgsConfig.cmake
[0.716s]     gazebo_ros_pkgs-config.cmake
[0.716s] 
[0.716s]   Add the installation prefix of "gazebo_ros_pkgs" to CMAKE_PREFIX_PATH or
[0.716s]   set "gazebo_ros_pkgs_DIR" to a directory containing one of the above files.
[0.716s]   If "gazebo_ros_pkgs" provides a separate development package or SDK, be
[0.716s]   sure it has been installed.
[0.716s] 
[0.716s] [0m
[0.716s] -- Configuring incomplete, errors occurred!
[0.716s] See also "/home/setemad/project3_ws/build/turtlebot3_project3/CMakeFiles/CMakeOutput.log".
[0.723s] Invoked command in '/home/setemad/project3_ws/build/turtlebot3_project3' returned '1': CMAKE_PREFIX_PATH=/opt/ros/humble /usr/bin/cmake /home/setemad/project3_ws/src/turtlebot3_project3 -DCMAKE_INSTALL_PREFIX=/home/setemad/project3_ws/install/turtlebot3_project3
