[0.011s] Invoking command in '/home/setemad/project3_ws/build/turtlebot3_project3': CMAKE_PREFIX_PATH=/opt/ros/humble /usr/bin/cmake --build /home/setemad/project3_ws/build/turtlebot3_project3 -- -j16 -l16
[0.074s] [100%] Built target turtlebot3_drive
[0.084s] Invoked command in '/home/setemad/project3_ws/build/turtlebot3_project3' returned '0': CMAKE_PREFIX_PATH=/opt/ros/humble /usr/bin/cmake --build /home/setemad/project3_ws/build/turtlebot3_project3 -- -j16 -l16
[0.135s] Invoking command in '/home/setemad/project3_ws/build/turtlebot3_project3': CMAKE_PREFIX_PATH=/opt/ros/humble /usr/bin/cmake --install /home/setemad/project3_ws/build/turtlebot3_project3
[0.143s] -- Install configuration: ""
[0.143s] -- Up-to-date: /home/setemad/project3_ws/install/turtlebot3_project3/lib/turtlebot3_project3/turtlebot3_drive
[0.143s] -- Up-to-date: /home/setemad/project3_ws/install/turtlebot3_project3/share/turtlebot3_project3//launch
[0.143s] -- Up-to-date: /home/setemad/project3_ws/install/turtlebot3_project3/share/turtlebot3_project3//launch/robot_state_publisher.launch.py
[0.143s] -- Up-to-date: /home/setemad/project3_ws/install/turtlebot3_project3/share/turtlebot3_project3//launch/competition_world.launch.py
[0.143s] -- Up-to-date: /home/setemad/project3_ws/install/turtlebot3_project3/share/turtlebot3_project3//launch/spawn_turtlebot3.launch.py
[0.143s] -- Up-to-date: /home/setemad/project3_ws/install/turtlebot3_project3/share/turtlebot3_project3//launch/empty_world.launch.py
[0.143s] -- Up-to-date: /home/setemad/project3_ws/install/turtlebot3_project3/share/turtlebot3_project3//models
[0.144s] -- Up-to-date: /home/setemad/project3_ws/install/turtlebot3_project3/share/turtlebot3_project3//models/turtlebot3_common
[0.144s] -- Up-to-date: /home/setemad/project3_ws/install/turtlebot3_project3/share/turtlebot3_project3//models/turtlebot3_common/meshes
[0.144s] -- Up-to-date: /home/setemad/project3_ws/install/turtlebot3_project3/share/turtlebot3_project3//models/turtlebot3_common/meshes/waffle_base.dae
[0.144s] -- Up-to-date: /home/setemad/project3_ws/install/turtlebot3_project3/share/turtlebot3_project3//models/turtlebot3_common/meshes/waffle_pi_base.dae
[0.144s] -- Up-to-date: /home/setemad/project3_ws/install/turtlebot3_project3/share/turtlebot3_project3//models/turtlebot3_common/meshes/r200.dae
[0.144s] -- Up-to-date: /home/setemad/project3_ws/install/turtlebot3_project3/share/turtlebot3_project3//models/turtlebot3_common/meshes/tire.dae
[0.144s] -- Up-to-date: /home/setemad/project3_ws/install/turtlebot3_project3/share/turtlebot3_project3//models/turtlebot3_common/meshes/burger_base.dae
[0.144s] -- Up-to-date: /home/setemad/project3_ws/install/turtlebot3_project3/share/turtlebot3_project3//models/turtlebot3_common/meshes/lds.dae
[0.144s] -- Up-to-date: /home/setemad/project3_ws/install/turtlebot3_project3/share/turtlebot3_project3//models/turtlebot3_common/model.config
[0.144s] -- Up-to-date: /home/setemad/project3_ws/install/turtlebot3_project3/share/turtlebot3_project3//models/turtlebot3_world
[0.144s] -- Up-to-date: /home/setemad/project3_ws/install/turtlebot3_project3/share/turtlebot3_project3//models/turtlebot3_world/model-1_4.sdf
[0.144s] -- Up-to-date: /home/setemad/project3_ws/install/turtlebot3_project3/share/turtlebot3_project3//models/turtlebot3_world/model.sdf
[0.144s] -- Up-to-date: /home/setemad/project3_ws/install/turtlebot3_project3/share/turtlebot3_project3//models/turtlebot3_world/meshes
[0.144s] -- Up-to-date: /home/setemad/project3_ws/install/turtlebot3_project3/share/turtlebot3_project3//models/turtlebot3_world/meshes/wall.dae
[0.144s] -- Up-to-date: /home/setemad/project3_ws/install/turtlebot3_project3/share/turtlebot3_project3//models/turtlebot3_world/meshes/hexagon.dae
[0.144s] -- Up-to-date: /home/setemad/project3_ws/install/turtlebot3_project3/share/turtlebot3_project3//models/turtlebot3_world/model.config
[0.145s] -- Up-to-date: /home/setemad/project3_ws/install/turtlebot3_project3/share/turtlebot3_project3//models/turtlebot3_waffle
[0.145s] -- Up-to-date: /home/setemad/project3_ws/install/turtlebot3_project3/share/turtlebot3_project3//models/turtlebot3_waffle/model-1_4.sdf
[0.145s] -- Up-to-date: /home/setemad/project3_ws/install/turtlebot3_project3/share/turtlebot3_project3//models/turtlebot3_waffle/model.sdf
[0.145s] -- Up-to-date: /home/setemad/project3_ws/install/turtlebot3_project3/share/turtlebot3_project3//models/turtlebot3_waffle/model.config
[0.145s] -- Up-to-date: /home/setemad/project3_ws/install/turtlebot3_project3/share/turtlebot3_project3//rviz
[0.145s] -- Up-to-date: /home/setemad/project3_ws/install/turtlebot3_project3/share/turtlebot3_project3//rviz/tb3_gazebo.rviz
[0.146s] -- Up-to-date: /home/setemad/project3_ws/install/turtlebot3_project3/share/turtlebot3_project3//urdf
[0.146s] -- Up-to-date: /home/setemad/project3_ws/install/turtlebot3_project3/share/turtlebot3_project3//urdf/turtlebot3_waffle.urdf
[0.147s] -- Up-to-date: /home/setemad/project3_ws/install/turtlebot3_project3/share/turtlebot3_project3//urdf/common_properties.urdf
[0.147s] -- Up-to-date: /home/setemad/project3_ws/install/turtlebot3_project3/share/turtlebot3_project3//worlds
[0.147s] -- Up-to-date: /home/setemad/project3_ws/install/turtlebot3_project3/share/turtlebot3_project3//worlds/empty_world.world
[0.147s] -- Up-to-date: /home/setemad/project3_ws/install/turtlebot3_project3/share/turtlebot3_project3//worlds/competition_world.world
[0.148s] -- Up-to-date: /home/setemad/project3_ws/install/turtlebot3_project3/include/
[0.148s] -- Up-to-date: /home/setemad/project3_ws/install/turtlebot3_project3/include//turtlebot3_project3
[0.148s] -- Up-to-date: /home/setemad/project3_ws/install/turtlebot3_project3/include//turtlebot3_project3/turtlebot3_drive.hpp
[0.148s] -- Up-to-date: /home/setemad/project3_ws/install/turtlebot3_project3/lib/turtlebot3_project3/teleop.py
[0.148s] -- Installing: /home/setemad/project3_ws/install/turtlebot3_project3/lib/turtlebot3_project3/a_star.py
[0.148s] [31mCMake Error at cmake_install.cmake:80 (file):
[0.148s]   file INSTALL cannot find
[0.148s]   "/home/setemad/project3_ws/src/turtlebot3_project3/scripts/gg.py": No such
[0.148s]   file or directory.
[0.148s] 
[0.148s] [0m
[0.148s] Invoked command in '/home/setemad/project3_ws/build/turtlebot3_project3' returned '1': CMAKE_PREFIX_PATH=/opt/ros/humble /usr/bin/cmake --install /home/setemad/project3_ws/build/turtlebot3_project3
