[0.009s] Invoking command in '/home/setemad/project3_ws/build/turtlebot3_project3': CMAKE_PREFIX_PATH=/opt/ros/humble /usr/bin/cmake /home/setemad/project3_ws/src/turtlebot3_project3 -DCMAKE_INSTALL_PREFIX=/home/setemad/project3_ws/install/turtlebot3_project3
[0.019s] -- Found ament_cmake: 1.3.8 (/opt/ros/humble/share/ament_cmake/cmake)
[0.111s] -- Configuring incomplete, errors occurred!
[0.111s] See also "/home/setemad/project3_ws/build/turtlebot3_project3/CMakeFiles/CMakeOutput.log".
[0.111s] [31mCMake Error at CMakeLists.txt:23 (find_package):
[0.111s]   By not providing "Findgazebo.cmake" in CMAKE_MODULE_PATH this project has
[0.111s]   asked CMake to find a package configuration file provided by "gazebo", but
[0.112s]   CMake did not find one.
[0.112s] 
[0.112s]   Could not find a package configuration file provided by "gazebo" with any
[0.112s]   of the following names:
[0.112s] 
[0.112s]     gazeboConfig.cmake
[0.112s]     gazebo-config.cmake
[0.112s] 
[0.112s]   Add the installation prefix of "gazebo" to CMAKE_PREFIX_PATH or set
[0.112s]   "gazebo_DIR" to a directory containing one of the above files.  If "gazebo"
[0.112s]   provides a separate development package or SDK, be sure it has been
[0.112s]   installed.
[0.113s] 
[0.113s] [0m
[0.113s] Invoked command in '/home/setemad/project3_ws/build/turtlebot3_project3' returned '1': CMAKE_PREFIX_PATH=/opt/ros/humble /usr/bin/cmake /home/setemad/project3_ws/src/turtlebot3_project3 -DCMAKE_INSTALL_PREFIX=/home/setemad/project3_ws/install/turtlebot3_project3
