-- Found ament_cmake: 1.3.8 (/opt/ros/humble/share/ament_cmake/cmake)
-- Found DART: /usr/include (Required is at least version "6.6") found components: dart 
-- Found Protobuf: /usr/lib/x86_64-linux-gnu/libprotobuf.so (found version "3.12.4") 
-- Looking for ignition-math6 -- found version 6.15.1
-- Searching for dependencies of ignition-math6
-- Looking for OGRE...
-- Found Ogre Ghadamon (1.9.0)
-- Found OGRE: optimized;/usr/lib/x86_64-linux-gnu/libOgreMain.so;debug;/usr/lib/x86_64-linux-gnu/libOgreMain.so
-- Looking for OGRE_Paging...
-- Found OGRE_Paging: optimized;/usr/lib/x86_64-linux-gnu/libOgrePaging.so;debug;/usr/lib/x86_64-linux-gnu/libOgrePaging.so
-- Looking for OGRE_Terrain...
-- Found OGRE_Terrain: optimized;/usr/lib/x86_64-linux-gnu/libOgreTerrain.so;debug;/usr/lib/x86_64-linux-gnu/libOgreTerrain.so
-- Looking for OGRE_Property...
-- Found OGRE_Property: optimized;/usr/lib/x86_64-linux-gnu/libOgreProperty.so;debug;/usr/lib/x86_64-linux-gnu/libOgreProperty.so
-- Looking for OGRE_RTShaderSystem...
-- Found OGRE_RTShaderSystem: optimized;/usr/lib/x86_64-linux-gnu/libOgreRTShaderSystem.so;debug;/usr/lib/x86_64-linux-gnu/libOgreRTShaderSystem.so
-- Looking for OGRE_Volume...
-- Found OGRE_Volume: optimized;/usr/lib/x86_64-linux-gnu/libOgreVolume.so;debug;/usr/lib/x86_64-linux-gnu/libOgreVolume.so
-- Looking for OGRE_Overlay...
-- Found OGRE_Overlay: optimized;/usr/lib/x86_64-linux-gnu/libOgreOverlay.so;debug;/usr/lib/x86_64-linux-gnu/libOgreOverlay.so
-- Looking for ignition-math6 -- found version 6.15.1
-- Looking for ignition-transport8 -- found version 8.2.1
-- Searching for dependencies of ignition-transport8
-- Found Protobuf: /usr/lib/x86_64-linux-gnu/libprotobuf.so (found suitable version "3.12.4", minimum required is "3") 
-- Config-file not installed for ZeroMQ -- checking for pkg-config
-- Checking for module 'libzmq >= 4'
--   Found libzmq , version 4.3.4
-- Checking for module 'uuid'
--   Found uuid, version 2.37.2
-- Looking for ignition-msgs5 -- found version 5.8.1
-- Searching for dependencies of ignition-msgs5
-- Looking for ignition-math6 -- found version 6.15.1
-- Checking for module 'tinyxml2'
--   Found tinyxml2, version 9.0.0
-- Looking for ignition-msgs5 -- found version 5.8.1
-- Looking for ignition-common3 -- found version 3.14.0
-- Searching for dependencies of ignition-common3
-- Looking for dlfcn.h - found
-- Looking for libdl - found
-- Searching for <ignition-common3> component [graphics]
-- Looking for ignition-common3-graphics -- found version 3.14.0
-- Searching for dependencies of ignition-common3-graphics
-- Looking for ignition-math6 -- found version 6.15.1
-- Looking for ignition-fuel_tools4 -- found version 4.4.0
-- Searching for dependencies of ignition-fuel_tools4
-- Checking for module 'jsoncpp'
--   Found jsoncpp, version 1.9.5
-- Checking for module 'libzip'
--   Found libzip, version 1.7.3
-- Looking for ignition-common3 -- found version 3.14.0
-- Looking for ignition-math6 -- found version 6.15.1
-- Looking for ignition-msgs5 -- found version 5.8.1
-- Found gazebo_ros_pkgs: 3.7.0 (/opt/ros/humble/share/gazebo_ros_pkgs/cmake)
-- Found geometry_msgs: 4.2.3 (/opt/ros/humble/share/geometry_msgs/cmake)
-- Found rosidl_generator_c: 3.1.5 (/opt/ros/humble/share/rosidl_generator_c/cmake)
-- Found rosidl_adapter: 3.1.5 (/opt/ros/humble/share/rosidl_adapter/cmake)
-- Found rosidl_generator_cpp: 3.1.5 (/opt/ros/humble/share/rosidl_generator_cpp/cmake)
-- Using all available rosidl_typesupport_c: rosidl_typesupport_fastrtps_c;rosidl_typesupport_introspection_c
-- Using all available rosidl_typesupport_cpp: rosidl_typesupport_fastrtps_cpp;rosidl_typesupport_introspection_cpp
-- Found nav_msgs: 4.2.3 (/opt/ros/humble/share/nav_msgs/cmake)
-- Found rclcpp: 16.0.8 (/opt/ros/humble/share/rclcpp/cmake)
-- Found rmw_implementation_cmake: 6.1.1 (/opt/ros/humble/share/rmw_implementation_cmake/cmake)
-- Found rmw_fastrtps_cpp: 6.2.6 (/opt/ros/humble/share/rmw_fastrtps_cpp/cmake)
-- Using RMW implementation 'rmw_fastrtps_cpp' as default
-- Found sensor_msgs: 4.2.3 (/opt/ros/humble/share/sensor_msgs/cmake)
-- Found tf2: 0.25.6 (/opt/ros/humble/share/tf2/cmake)
-- Configuring done
-- Generating done
-- Build files have been written to: /home/setemad/project3_ws/build/turtlebot3_project3
[35m[1mConsolidate compiler generated dependencies of target turtlebot3_drive[0m
[100%] Built target turtlebot3_drive
-- Install configuration: ""
-- Up-to-date: /home/setemad/project3_ws/install/turtlebot3_project3/lib/turtlebot3_project3/turtlebot3_drive
-- Up-to-date: /home/setemad/project3_ws/install/turtlebot3_project3/share/turtlebot3_project3//launch
-- Up-to-date: /home/setemad/project3_ws/install/turtlebot3_project3/share/turtlebot3_project3//launch/robot_state_publisher.launch.py
-- Up-to-date: /home/setemad/project3_ws/install/turtlebot3_project3/share/turtlebot3_project3//launch/competition_world.launch.py
-- Up-to-date: /home/setemad/project3_ws/install/turtlebot3_project3/share/turtlebot3_project3//launch/spawn_turtlebot3.launch.py
-- Up-to-date: /home/setemad/project3_ws/install/turtlebot3_project3/share/turtlebot3_project3//launch/empty_world.launch.py
-- Up-to-date: /home/setemad/project3_ws/install/turtlebot3_project3/share/turtlebot3_project3//models
-- Up-to-date: /home/setemad/project3_ws/install/turtlebot3_project3/share/turtlebot3_project3//models/turtlebot3_common
-- Up-to-date: /home/setemad/project3_ws/install/turtlebot3_project3/share/turtlebot3_project3//models/turtlebot3_common/meshes
-- Up-to-date: /home/setemad/project3_ws/install/turtlebot3_project3/share/turtlebot3_project3//models/turtlebot3_common/meshes/waffle_base.dae
-- Up-to-date: /home/setemad/project3_ws/install/turtlebot3_project3/share/turtlebot3_project3//models/turtlebot3_common/meshes/waffle_pi_base.dae
-- Up-to-date: /home/setemad/project3_ws/install/turtlebot3_project3/share/turtlebot3_project3//models/turtlebot3_common/meshes/r200.dae
-- Up-to-date: /home/setemad/project3_ws/install/turtlebot3_project3/share/turtlebot3_project3//models/turtlebot3_common/meshes/tire.dae
-- Up-to-date: /home/setemad/project3_ws/install/turtlebot3_project3/share/turtlebot3_project3//models/turtlebot3_common/meshes/burger_base.dae
-- Up-to-date: /home/setemad/project3_ws/install/turtlebot3_project3/share/turtlebot3_project3//models/turtlebot3_common/meshes/lds.dae
-- Up-to-date: /home/setemad/project3_ws/install/turtlebot3_project3/share/turtlebot3_project3//models/turtlebot3_common/model.config
-- Up-to-date: /home/setemad/project3_ws/install/turtlebot3_project3/share/turtlebot3_project3//models/turtlebot3_world
-- Up-to-date: /home/setemad/project3_ws/install/turtlebot3_project3/share/turtlebot3_project3//models/turtlebot3_world/model-1_4.sdf
-- Up-to-date: /home/setemad/project3_ws/install/turtlebot3_project3/share/turtlebot3_project3//models/turtlebot3_world/model.sdf
-- Up-to-date: /home/setemad/project3_ws/install/turtlebot3_project3/share/turtlebot3_project3//models/turtlebot3_world/meshes
-- Up-to-date: /home/setemad/project3_ws/install/turtlebot3_project3/share/turtlebot3_project3//models/turtlebot3_world/meshes/wall.dae
-- Up-to-date: /home/setemad/project3_ws/install/turtlebot3_project3/share/turtlebot3_project3//models/turtlebot3_world/meshes/hexagon.dae
-- Up-to-date: /home/setemad/project3_ws/install/turtlebot3_project3/share/turtlebot3_project3//models/turtlebot3_world/model.config
-- Up-to-date: /home/setemad/project3_ws/install/turtlebot3_project3/share/turtlebot3_project3//models/turtlebot3_waffle
-- Up-to-date: /home/setemad/project3_ws/install/turtlebot3_project3/share/turtlebot3_project3//models/turtlebot3_waffle/model-1_4.sdf
-- Up-to-date: /home/setemad/project3_ws/install/turtlebot3_project3/share/turtlebot3_project3//models/turtlebot3_waffle/model.sdf
-- Up-to-date: /home/setemad/project3_ws/install/turtlebot3_project3/share/turtlebot3_project3//models/turtlebot3_waffle/model.config
-- Up-to-date: /home/setemad/project3_ws/install/turtlebot3_project3/share/turtlebot3_project3//rviz
-- Up-to-date: /home/setemad/project3_ws/install/turtlebot3_project3/share/turtlebot3_project3//rviz/tb3_gazebo.rviz
-- Up-to-date: /home/setemad/project3_ws/install/turtlebot3_project3/share/turtlebot3_project3//urdf
-- Up-to-date: /home/setemad/project3_ws/install/turtlebot3_project3/share/turtlebot3_project3//urdf/turtlebot3_waffle.urdf
-- Up-to-date: /home/setemad/project3_ws/install/turtlebot3_project3/share/turtlebot3_project3//urdf/common_properties.urdf
-- Up-to-date: /home/setemad/project3_ws/install/turtlebot3_project3/share/turtlebot3_project3//worlds
-- Up-to-date: /home/setemad/project3_ws/install/turtlebot3_project3/share/turtlebot3_project3//worlds/empty_world.world
-- Up-to-date: /home/setemad/project3_ws/install/turtlebot3_project3/share/turtlebot3_project3//worlds/competition_world.world
-- Up-to-date: /home/setemad/project3_ws/install/turtlebot3_project3/include/
-- Up-to-date: /home/setemad/project3_ws/install/turtlebot3_project3/include//turtlebot3_project3
-- Up-to-date: /home/setemad/project3_ws/install/turtlebot3_project3/include//turtlebot3_project3/turtlebot3_drive.hpp
-- Installing: /home/setemad/project3_ws/install/turtlebot3_project3/lib/turtlebot3_project3/teleop.py
-- Installing: /home/setemad/project3_ws/install/turtlebot3_project3/lib/turtlebot3_project3/a_star.py
-- Up-to-date: /home/setemad/project3_ws/install/turtlebot3_project3/share/ament_index/resource_index/package_run_dependencies/turtlebot3_project3
-- Installing: /home/setemad/project3_ws/install/turtlebot3_project3/share/ament_index/resource_index/parent_prefix_path/turtlebot3_project3
-- Up-to-date: /home/setemad/project3_ws/install/turtlebot3_project3/share/turtlebot3_project3/environment/ament_prefix_path.sh
-- Installing: /home/setemad/project3_ws/install/turtlebot3_project3/share/turtlebot3_project3/environment/ament_prefix_path.dsv
-- Up-to-date: /home/setemad/project3_ws/install/turtlebot3_project3/share/turtlebot3_project3/environment/path.sh
-- Installing: /home/setemad/project3_ws/install/turtlebot3_project3/share/turtlebot3_project3/environment/path.dsv
-- Up-to-date: /home/setemad/project3_ws/install/turtlebot3_project3/share/turtlebot3_project3/local_setup.bash
-- Up-to-date: /home/setemad/project3_ws/install/turtlebot3_project3/share/turtlebot3_project3/local_setup.sh
-- Up-to-date: /home/setemad/project3_ws/install/turtlebot3_project3/share/turtlebot3_project3/local_setup.zsh
-- Installing: /home/setemad/project3_ws/install/turtlebot3_project3/share/turtlebot3_project3/local_setup.dsv
-- Installing: /home/setemad/project3_ws/install/turtlebot3_project3/share/turtlebot3_project3/package.dsv
-- Up-to-date: /home/setemad/project3_ws/install/turtlebot3_project3/share/ament_index/resource_index/packages/turtlebot3_project3
-- Up-to-date: /home/setemad/project3_ws/install/turtlebot3_project3/share/turtlebot3_project3/cmake/ament_cmake_export_include_directories-extras.cmake
-- Up-to-date: /home/setemad/project3_ws/install/turtlebot3_project3/share/turtlebot3_project3/cmake/ament_cmake_export_dependencies-extras.cmake
-- Up-to-date: /home/setemad/project3_ws/install/turtlebot3_project3/share/turtlebot3_project3/cmake/turtlebot3_project3Config.cmake
-- Up-to-date: /home/setemad/project3_ws/install/turtlebot3_project3/share/turtlebot3_project3/cmake/turtlebot3_project3Config-version.cmake
-- Up-to-date: /home/setemad/project3_ws/install/turtlebot3_project3/share/turtlebot3_project3/package.xml
