[0.013s] Invoking command in '/home/setemad/project3_ws/build/turtlebot3_project3': CMAKE_PREFIX_PATH=/opt/ros/humble /usr/bin/cmake --build /home/setemad/project3_ws/build/turtlebot3_project3 -- -j16 -l16
[0.071s] -- Found ament_cmake: 1.3.8 (/opt/ros/humble/share/ament_cmake/cmake)
[0.183s] [33mCMake Warning (dev) at /usr/share/cmake-3.22/Modules/FindPackageHandleStandardArgs.cmake:438 (message):
[0.183s]   The package name passed to `find_package_handle_standard_args` (PkgConfig)
[0.183s]   does not match the name of the calling package (gazebo).  This can lead to
[0.183s]   problems in calling code that expects `find_package` result variables
[0.183s]   (e.g., `_FOUND`) to follow a certain pattern.
[0.183s] Call Stack (most recent call first):
[0.184s]   /usr/share/cmake-3.22/Modules/FindPkgConfig.cmake:99 (find_package_handle_standard_args)
[0.184s]   /usr/lib/x86_64-linux-gnu/cmake/gazebo/gazebo-config.cmake:72 (include)
[0.184s]   CMakeLists.txt:23 (find_package)
[0.184s] This warning is for project developers.  Use -Wno-dev to suppress it.
[0.184s] [0m
[0.208s] -- Found DART: /usr/include (Required is at least version "6.6") found components: dart 
[0.241s] -- Found Protobuf: /usr/lib/x86_64-linux-gnu/libprotobuf.so (found version "3.12.4") 
[0.243s] -- Looking for ignition-math6 -- found version 6.15.1
[0.248s] -- Searching for dependencies of ignition-math6
[0.250s] -- Looking for OGRE...
[0.256s] -- Found Ogre Ghadamon (1.9.0)
[0.257s] -- Found OGRE: optimized;/usr/lib/x86_64-linux-gnu/libOgreMain.so;debug;/usr/lib/x86_64-linux-gnu/libOgreMain.so
[0.264s] -- Looking for OGRE_Paging...
[0.264s] -- Found OGRE_Paging: optimized;/usr/lib/x86_64-linux-gnu/libOgrePaging.so;debug;/usr/lib/x86_64-linux-gnu/libOgrePaging.so
[0.264s] -- Looking for OGRE_Terrain...
[0.264s] -- Found OGRE_Terrain: optimized;/usr/lib/x86_64-linux-gnu/libOgreTerrain.so;debug;/usr/lib/x86_64-linux-gnu/libOgreTerrain.so
[0.264s] -- Looking for OGRE_Property...
[0.264s] -- Found OGRE_Property: optimized;/usr/lib/x86_64-linux-gnu/libOgreProperty.so;debug;/usr/lib/x86_64-linux-gnu/libOgreProperty.so
[0.265s] -- Looking for OGRE_RTShaderSystem...
[0.265s] -- Found OGRE_RTShaderSystem: optimized;/usr/lib/x86_64-linux-gnu/libOgreRTShaderSystem.so;debug;/usr/lib/x86_64-linux-gnu/libOgreRTShaderSystem.so
[0.265s] -- Looking for OGRE_Volume...
[0.265s] -- Found OGRE_Volume: optimized;/usr/lib/x86_64-linux-gnu/libOgreVolume.so;debug;/usr/lib/x86_64-linux-gnu/libOgreVolume.so
[0.265s] -- Looking for OGRE_Overlay...
[0.265s] -- Found OGRE_Overlay: optimized;/usr/lib/x86_64-linux-gnu/libOgreOverlay.so;debug;/usr/lib/x86_64-linux-gnu/libOgreOverlay.so
[0.346s] -- Looking for ignition-math6 -- found version 6.15.1
[0.346s] -- Looking for ignition-transport8 -- found version 8.2.1
[0.347s] -- Searching for dependencies of ignition-transport8
[0.365s] -- Found Protobuf: /usr/lib/x86_64-linux-gnu/libprotobuf.so (found suitable version "3.12.4", minimum required is "3") 
[0.376s] -- Config-file not installed for ZeroMQ -- checking for pkg-config
[0.381s] -- Checking for module 'libzmq >= 4'
[0.399s] --   Found libzmq , version 4.3.4
[0.446s] -- Checking for module 'uuid'
[0.461s] --   Found uuid, version 2.37.2
[0.503s] -- Looking for ignition-msgs5 -- found version 5.8.1
[0.503s] -- Searching for dependencies of ignition-msgs5
[0.523s] -- Looking for ignition-math6 -- found version 6.15.1
[0.530s] -- Checking for module 'tinyxml2'
[0.546s] --   Found tinyxml2, version 9.0.0
[0.584s] -- Looking for ignition-msgs5 -- found version 5.8.1
[0.585s] -- Looking for ignition-common3 -- found version 3.14.0
[0.585s] -- Searching for dependencies of ignition-common3
[0.586s] -- Looking for dlfcn.h - found
[0.586s] -- Looking for libdl - found
[0.599s] -- Searching for <ignition-common3> component [graphics]
[0.599s] -- Looking for ignition-common3-graphics -- found version 3.14.0
[0.599s] -- Searching for dependencies of ignition-common3-graphics
[0.600s] -- Looking for ignition-math6 -- found version 6.15.1
[0.601s] -- Looking for ignition-fuel_tools4 -- found version 4.4.0
[0.601s] -- Searching for dependencies of ignition-fuel_tools4
[0.643s] -- Checking for module 'jsoncpp'
[0.659s] --   Found jsoncpp, version 1.9.5
[0.702s] -- Checking for module 'libzip'
[0.716s] --   Found libzip, version 1.7.3
[0.754s] -- Looking for ignition-common3 -- found version 3.14.0
[0.754s] -- Looking for ignition-math6 -- found version 6.15.1
[0.754s] -- Looking for ignition-msgs5 -- found version 5.8.1
[0.756s] -- Found gazebo_ros_pkgs: 3.7.0 (/opt/ros/humble/share/gazebo_ros_pkgs/cmake)
[0.756s] -- Found geometry_msgs: 4.2.3 (/opt/ros/humble/share/geometry_msgs/cmake)
[0.778s] -- Found rosidl_generator_c: 3.1.5 (/opt/ros/humble/share/rosidl_generator_c/cmake)
[0.781s] -- Found rosidl_adapter: 3.1.5 (/opt/ros/humble/share/rosidl_adapter/cmake)
[0.788s] -- Found rosidl_generator_cpp: 3.1.5 (/opt/ros/humble/share/rosidl_generator_cpp/cmake)
[0.799s] -- Using all available rosidl_typesupport_c: rosidl_typesupport_fastrtps_c;rosidl_typesupport_introspection_c
[0.812s] -- Using all available rosidl_typesupport_cpp: rosidl_typesupport_fastrtps_cpp;rosidl_typesupport_introspection_cpp
[0.900s] -- Found nav_msgs: 4.2.3 (/opt/ros/humble/share/nav_msgs/cmake)
[0.960s] -- Found rclcpp: 16.0.8 (/opt/ros/humble/share/rclcpp/cmake)
[1.001s] -- Found rmw_implementation_cmake: 6.1.1 (/opt/ros/humble/share/rmw_implementation_cmake/cmake)
[1.003s] -- Found rmw_fastrtps_cpp: 6.2.6 (/opt/ros/humble/share/rmw_fastrtps_cpp/cmake)
[1.118s] -- Using RMW implementation 'rmw_fastrtps_cpp' as default
[1.214s] -- Found sensor_msgs: 4.2.3 (/opt/ros/humble/share/sensor_msgs/cmake)
[1.274s] -- Found tf2: 0.25.6 (/opt/ros/humble/share/tf2/cmake)
[1.334s] -- Configuring done
[1.346s] -- Generating done
[1.348s] -- Build files have been written to: /home/setemad/project3_ws/build/turtlebot3_project3
[1.378s] [35m[1mConsolidate compiler generated dependencies of target turtlebot3_drive[0m
[1.400s] [100%] Built target turtlebot3_drive
[1.412s] Invoked command in '/home/setemad/project3_ws/build/turtlebot3_project3' returned '0': CMAKE_PREFIX_PATH=/opt/ros/humble /usr/bin/cmake --build /home/setemad/project3_ws/build/turtlebot3_project3 -- -j16 -l16
[1.454s] Invoking command in '/home/setemad/project3_ws/build/turtlebot3_project3': CMAKE_PREFIX_PATH=/opt/ros/humble /usr/bin/cmake --install /home/setemad/project3_ws/build/turtlebot3_project3
[1.460s] -- Install configuration: ""
[1.460s] -- Up-to-date: /home/setemad/project3_ws/install/turtlebot3_project3/lib/turtlebot3_project3/turtlebot3_drive
[1.461s] -- Up-to-date: /home/setemad/project3_ws/install/turtlebot3_project3/share/turtlebot3_project3//launch
[1.461s] -- Up-to-date: /home/setemad/project3_ws/install/turtlebot3_project3/share/turtlebot3_project3//launch/robot_state_publisher.launch.py
[1.461s] -- Up-to-date: /home/setemad/project3_ws/install/turtlebot3_project3/share/turtlebot3_project3//launch/competition_world.launch.py
[1.461s] -- Up-to-date: /home/setemad/project3_ws/install/turtlebot3_project3/share/turtlebot3_project3//launch/spawn_turtlebot3.launch.py
[1.461s] -- Up-to-date: /home/setemad/project3_ws/install/turtlebot3_project3/share/turtlebot3_project3//launch/empty_world.launch.py
[1.461s] -- Up-to-date: /home/setemad/project3_ws/install/turtlebot3_project3/share/turtlebot3_project3//models
[1.461s] -- Up-to-date: /home/setemad/project3_ws/install/turtlebot3_project3/share/turtlebot3_project3//models/turtlebot3_common
[1.461s] -- Up-to-date: /home/setemad/project3_ws/install/turtlebot3_project3/share/turtlebot3_project3//models/turtlebot3_common/meshes
[1.462s] -- Up-to-date: /home/setemad/project3_ws/install/turtlebot3_project3/share/turtlebot3_project3//models/turtlebot3_common/meshes/waffle_base.dae
[1.462s] -- Up-to-date: /home/setemad/project3_ws/install/turtlebot3_project3/share/turtlebot3_project3//models/turtlebot3_common/meshes/waffle_pi_base.dae
[1.462s] -- Up-to-date: /home/setemad/project3_ws/install/turtlebot3_project3/share/turtlebot3_project3//models/turtlebot3_common/meshes/r200.dae
[1.462s] -- Up-to-date: /home/setemad/project3_ws/install/turtlebot3_project3/share/turtlebot3_project3//models/turtlebot3_common/meshes/tire.dae
[1.462s] -- Up-to-date: /home/setemad/project3_ws/install/turtlebot3_project3/share/turtlebot3_project3//models/turtlebot3_common/meshes/burger_base.dae
[1.462s] -- Up-to-date: /home/setemad/project3_ws/install/turtlebot3_project3/share/turtlebot3_project3//models/turtlebot3_common/meshes/lds.dae
[1.462s] -- Up-to-date: /home/setemad/project3_ws/install/turtlebot3_project3/share/turtlebot3_project3//models/turtlebot3_common/model.config
[1.462s] -- Up-to-date: /home/setemad/project3_ws/install/turtlebot3_project3/share/turtlebot3_project3//models/turtlebot3_world
[1.462s] -- Up-to-date: /home/setemad/project3_ws/install/turtlebot3_project3/share/turtlebot3_project3//models/turtlebot3_world/model-1_4.sdf
[1.462s] -- Up-to-date: /home/setemad/project3_ws/install/turtlebot3_project3/share/turtlebot3_project3//models/turtlebot3_world/model.sdf
[1.462s] -- Up-to-date: /home/setemad/project3_ws/install/turtlebot3_project3/share/turtlebot3_project3//models/turtlebot3_world/meshes
[1.462s] -- Up-to-date: /home/setemad/project3_ws/install/turtlebot3_project3/share/turtlebot3_project3//models/turtlebot3_world/meshes/wall.dae
[1.462s] -- Up-to-date: /home/setemad/project3_ws/install/turtlebot3_project3/share/turtlebot3_project3//models/turtlebot3_world/meshes/hexagon.dae
[1.462s] -- Up-to-date: /home/setemad/project3_ws/install/turtlebot3_project3/share/turtlebot3_project3//models/turtlebot3_world/model.config
[1.462s] -- Up-to-date: /home/setemad/project3_ws/install/turtlebot3_project3/share/turtlebot3_project3//models/turtlebot3_waffle
[1.462s] -- Up-to-date: /home/setemad/project3_ws/install/turtlebot3_project3/share/turtlebot3_project3//models/turtlebot3_waffle/model-1_4.sdf
[1.463s] -- Up-to-date: /home/setemad/project3_ws/install/turtlebot3_project3/share/turtlebot3_project3//models/turtlebot3_waffle/model.sdf
[1.463s] -- Up-to-date: /home/setemad/project3_ws/install/turtlebot3_project3/share/turtlebot3_project3//models/turtlebot3_waffle/model.config
[1.463s] -- Up-to-date: /home/setemad/project3_ws/install/turtlebot3_project3/share/turtlebot3_project3//rviz
[1.463s] -- Up-to-date: /home/setemad/project3_ws/install/turtlebot3_project3/share/turtlebot3_project3//rviz/tb3_gazebo.rviz
[1.463s] -- Up-to-date: /home/setemad/project3_ws/install/turtlebot3_project3/share/turtlebot3_project3//urdf
[1.463s] -- Up-to-date: /home/setemad/project3_ws/install/turtlebot3_project3/share/turtlebot3_project3//urdf/turtlebot3_waffle.urdf
[1.463s] -- Up-to-date: /home/setemad/project3_ws/install/turtlebot3_project3/share/turtlebot3_project3//urdf/common_properties.urdf
[1.463s] -- Up-to-date: /home/setemad/project3_ws/install/turtlebot3_project3/share/turtlebot3_project3//worlds
[1.463s] -- Up-to-date: /home/setemad/project3_ws/install/turtlebot3_project3/share/turtlebot3_project3//worlds/empty_world.world
[1.463s] -- Up-to-date: /home/setemad/project3_ws/install/turtlebot3_project3/share/turtlebot3_project3//worlds/competition_world.world
[1.463s] -- Up-to-date: /home/setemad/project3_ws/install/turtlebot3_project3/include/
[1.463s] -- Up-to-date: /home/setemad/project3_ws/install/turtlebot3_project3/include//turtlebot3_project3
[1.463s] -- Up-to-date: /home/setemad/project3_ws/install/turtlebot3_project3/include//turtlebot3_project3/turtlebot3_drive.hpp
[1.463s] -- Installing: /home/setemad/project3_ws/install/turtlebot3_project3/lib/turtlebot3_project3/teleop.py
[1.463s] -- Installing: /home/setemad/project3_ws/install/turtlebot3_project3/lib/turtlebot3_project3/a_star.py
[1.463s] -- Up-to-date: /home/setemad/project3_ws/install/turtlebot3_project3/share/ament_index/resource_index/package_run_dependencies/turtlebot3_project3
[1.463s] -- Installing: /home/setemad/project3_ws/install/turtlebot3_project3/share/ament_index/resource_index/parent_prefix_path/turtlebot3_project3
[1.463s] -- Up-to-date: /home/setemad/project3_ws/install/turtlebot3_project3/share/turtlebot3_project3/environment/ament_prefix_path.sh
[1.463s] -- Installing: /home/setemad/project3_ws/install/turtlebot3_project3/share/turtlebot3_project3/environment/ament_prefix_path.dsv
[1.463s] -- Up-to-date: /home/setemad/project3_ws/install/turtlebot3_project3/share/turtlebot3_project3/environment/path.sh
[1.463s] -- Installing: /home/setemad/project3_ws/install/turtlebot3_project3/share/turtlebot3_project3/environment/path.dsv
[1.463s] -- Up-to-date: /home/setemad/project3_ws/install/turtlebot3_project3/share/turtlebot3_project3/local_setup.bash
[1.463s] -- Up-to-date: /home/setemad/project3_ws/install/turtlebot3_project3/share/turtlebot3_project3/local_setup.sh
[1.463s] -- Up-to-date: /home/setemad/project3_ws/install/turtlebot3_project3/share/turtlebot3_project3/local_setup.zsh
[1.463s] -- Installing: /home/setemad/project3_ws/install/turtlebot3_project3/share/turtlebot3_project3/local_setup.dsv
[1.464s] -- Installing: /home/setemad/project3_ws/install/turtlebot3_project3/share/turtlebot3_project3/package.dsv
[1.464s] -- Up-to-date: /home/setemad/project3_ws/install/turtlebot3_project3/share/ament_index/resource_index/packages/turtlebot3_project3
[1.464s] -- Up-to-date: /home/setemad/project3_ws/install/turtlebot3_project3/share/turtlebot3_project3/cmake/ament_cmake_export_include_directories-extras.cmake
[1.464s] -- Up-to-date: /home/setemad/project3_ws/install/turtlebot3_project3/share/turtlebot3_project3/cmake/ament_cmake_export_dependencies-extras.cmake
[1.464s] -- Up-to-date: /home/setemad/project3_ws/install/turtlebot3_project3/share/turtlebot3_project3/cmake/turtlebot3_project3Config.cmake
[1.464s] -- Up-to-date: /home/setemad/project3_ws/install/turtlebot3_project3/share/turtlebot3_project3/cmake/turtlebot3_project3Config-version.cmake
[1.464s] -- Up-to-date: /home/setemad/project3_ws/install/turtlebot3_project3/share/turtlebot3_project3/package.xml
[1.465s] Invoked command in '/home/setemad/project3_ws/build/turtlebot3_project3' returned '0': CMAKE_PREFIX_PATH=/opt/ros/humble /usr/bin/cmake --install /home/setemad/project3_ws/build/turtlebot3_project3
